DEBUG   |140805 21:05:21|*** Batching successive steps (nesting level 1)
DEBUG   |140805 21:05:21|====== Starting Step number 1 ======
DEBUG   |140805 21:05:21|Kettenrad :: BREAKING STEP BEFORE SWITCHING DOMAIN
DEBUG   |140805 21:05:21|AECoreDomainInit :: New instance
DEBUG   |140805 21:05:21|----- Finished operation 1 ------
INFO    |140805 21:05:21|--------------------------------------------------------------------------------
INFO    |140805 21:05:21|Akeeba Backup 3.11.3 (2014-07-17)
INFO    |140805 21:05:21|Got backup?
INFO    |140805 21:05:21|--------------------------------------------------------------------------------
INFO    |140805 21:05:21|--- System Information ---
INFO    |140805 21:05:21|PHP Version        :5.3.28
INFO    |140805 21:05:21|PHP OS             :Darwin
INFO    |140805 21:05:21|PHP SAPI           :apache2handler
INFO    |140805 21:05:21|OS Version         :Darwin
INFO    |140805 21:05:21|DB Version         :5.5.34
INFO    |140805 21:05:21|Web Server         :Apache
INFO    |140805 21:05:21|Joomla! version    :3.3.3
INFO    |140805 21:05:21|Mozilla/5.0 (Macintosh; Intel Mac OS X 10_9_2) AppleWebKit/537.36 (KHTML, like Gecko) Chrome/35.0.1916.114 Safari/537.36
INFO    |140805 21:05:21|Safe mode          :
INFO    |140805 21:05:21|Display errors     :
INFO    |140805 21:05:21|Error reporting    :E_ALL
INFO    |140805 21:05:21|Error display      :off
INFO    |140805 21:05:21|Disabled functions :
INFO    |140805 21:05:21|open_basedir restr.:
INFO    |140805 21:05:21|Max. exec. time    :30
INFO    |140805 21:05:21|Memory limit       :128M
INFO    |140805 21:05:21|Current mem. usage :15846640
INFO    |140805 21:05:21|GZIP Compression   : available (good)
INFO    |140805 21:05:21|JPATH_BASE         :<root>/administrator
INFO    |140805 21:05:21|JPATH_SITE         :<root>
INFO    |140805 21:05:21|JPATH_ROOT         :<root>
INFO    |140805 21:05:21|JPATH_CACHE        :<root>/administrator/cache
INFO    |140805 21:05:21|Computed root      :<root>
INFO    |140805 21:05:21|Output directory   :<root>/administrator/components/com_akeeba/backup
INFO    |140805 21:05:21|Part size (bytes)  :2147352576
INFO    |140805 21:05:21|--------------------------------------------------------------------------------
INFO    |140805 21:05:21|Akeeba Backup has detected the following potential problems:
INFO    |140805 21:05:21|- 203 Default output directory in use (low)
INFO    |140805 21:05:21|You probably do not have to worry about them, but you should be aware of them.
INFO    |140805 21:05:21|--------------------------------------------------------------------------------
INFO    |140805 21:05:21|Loaded profile #1
DEBUG   |140805 21:05:21|Archive template name: site-[HOST]-[DATE]-[TIME]
DEBUG   |140805 21:05:21|Expanded template name: site-localhost-20140805-190521
DEBUG   |140805 21:05:21|Backup type is now set to 'dbonly'
DEBUG   |140805 21:05:22|----- Finished operation 2 ------
DEBUG   |140805 21:05:22|----- Finished operation 3 ------
DEBUG   |140805 21:05:22|Successful Smart algorithm on AECoreDomainInit
DEBUG   |140805 21:05:22|Kettenrad :: Domain 'init' has finished.
DEBUG   |140805 21:05:22|====== Finished Step number 1 ======
DEBUG   |140805 21:05:22|*** Engine steps batching: Break flag detected.
DEBUG   |140805 21:05:22|*** Batching of engine steps finished. I will now return control to the caller.
DEBUG   |140805 21:05:22|Sleeping for 1950.06895065 msec, using usleep()
DEBUG   |140805 21:05:23|Saving Kettenrad instance backend
DEBUG   |140805 21:05:23|
DEBUG   |140805 21:05:24| -- Loaded stored Akeeba Factory (backend)
DEBUG   |140805 21:05:24|====== Starting Step number 1 ======
DEBUG   |140805 21:05:24|Kettenrad :: BREAKING STEP BEFORE SWITCHING DOMAIN
DEBUG   |140805 21:05:24|AECoreDomainDb :: New instance
DEBUG   |140805 21:05:24|AECoreDomainDb :: Preparing instance
DEBUG   |140805 21:05:24|Fetching filter data from database
DEBUG   |140805 21:05:24|Loading filters
DEBUG   |140805 21:05:24|-- Loading filter Components
DEBUG   |140805 21:05:24|-- Loading filter Extensiondirs
DEBUG   |140805 21:05:24|-- Loading filter Extensionfiles
DEBUG   |140805 21:05:24|-- Loading filter Extradirs
DEBUG   |140805 21:05:24|-- Loading filter Languages
DEBUG   |140805 21:05:24|-- Loading filter Modules
DEBUG   |140805 21:05:24|-- Loading filter Multidb
DEBUG   |140805 21:05:24|-- Loading filter Plugins
DEBUG   |140805 21:05:24|-- Loading filter Regexdirectories
DEBUG   |140805 21:05:24|-- Loading filter Regexfiles
DEBUG   |140805 21:05:24|-- Loading filter Regexskipdirs
DEBUG   |140805 21:05:24|-- Loading filter Regexskipfiles
DEBUG   |140805 21:05:24|-- Loading filter Regextabledata
DEBUG   |140805 21:05:24|-- Loading filter Regextables
DEBUG   |140805 21:05:24|-- Loading filter Templates
DEBUG   |140805 21:05:24|-- Loading filter Directories
DEBUG   |140805 21:05:24|-- Loading filter Files
DEBUG   |140805 21:05:24|-- Loading filter Incremental
DEBUG   |140805 21:05:24|-- Loading filter Skipdirs
DEBUG   |140805 21:05:24|-- Loading filter Skipfiles
DEBUG   |140805 21:05:24|-- Loading filter Srpdata
DEBUG   |140805 21:05:24|-- Loading filter Srpdirs
DEBUG   |140805 21:05:24|-- Loading filter Srpfiles
DEBUG   |140805 21:05:24|-- Loading filter Srpskipdata
DEBUG   |140805 21:05:24|-- Loading filter Srpskipfiles
DEBUG   |140805 21:05:24|-- Loading filter Tabledata
DEBUG   |140805 21:05:24|-- Loading filter Tables
DEBUG   |140805 21:05:24|-- Loading filter PlatformFiles
DEBUG   |140805 21:05:24|-- Loading filter PlatformFolders
DEBUG   |140805 21:05:24|-- Loading filter PlatformLibraries
DEBUG   |140805 21:05:24|-- Loading filter PlatformSitedb
DEBUG   |140805 21:05:24|-- Loading filter PlatformSiteroot
DEBUG   |140805 21:05:24|-- Loading filter PlatformSkipdirs
DEBUG   |140805 21:05:24|-- Loading filter PlatformSkipfiles
DEBUG   |140805 21:05:24|-- Loading filter PlatformSystemcachefiles
DEBUG   |140805 21:05:24|-- Loading filter PlatformTabledata
DEBUG   |140805 21:05:24|Loading optional filters
DEBUG   |140805 21:05:24|-- Loading optional filter StackPlatformFinder
DEBUG   |140805 21:05:24|AECoreDomainDb :: Adding only main database
DEBUG   |140805 21:05:24|----- Finished operation 1 ------
DEBUG   |140805 21:05:24|AECoreDomainDb :: Iterating next database
DEBUG   |140805 21:05:24|AEDumpNative :: New instance
DEBUG   |140805 21:05:24|AEDumpNative :: Processing parameters
DEBUG   |140805 21:05:24|AEDumpNative :: Instanciating new native database dump engine AEDumpNativeMysql
DEBUG   |140805 21:05:24|AEDumpNativeMysql :: New instance
DEBUG   |140805 21:05:24|AEAbstractDump :: Processing parameters
DEBUG   |140805 21:05:24|AEDumpNativeMysql :: Finding tables to include in the backup set
INFO    |140805 21:05:24|AEDumpNativeMysql :: Adding vqliz_ak_profiles (internal name #__ak_profiles)
INFO    |140805 21:05:24|AEDumpNativeMysql :: Adding vqliz_ak_stats (internal name #__ak_stats)
INFO    |140805 21:05:24|AEDumpNativeMysql :: Adding vqliz_ak_storage (internal name #__ak_storage)
INFO    |140805 21:05:24|AEDumpNativeMysql :: Adding vqliz_assets (internal name #__assets)
INFO    |140805 21:05:24|AEDumpNativeMysql :: Adding vqliz_associations (internal name #__associations)
INFO    |140805 21:05:24|AEDumpNativeMysql :: Adding vqliz_banner_clients (internal name #__banner_clients)
INFO    |140805 21:05:24|AEDumpNativeMysql :: Adding vqliz_banner_tracks (internal name #__banner_tracks)
INFO    |140805 21:05:24|AEDumpNativeMysql :: Adding vqliz_banners (internal name #__banners)
INFO    |140805 21:05:24|AEDumpNativeMysql :: Adding vqliz_categories (internal name #__categories)
INFO    |140805 21:05:24|AEDumpNativeMysql :: Adding vqliz_contact_details (internal name #__contact_details)
INFO    |140805 21:05:24|AEDumpNativeMysql :: Adding vqliz_content (internal name #__content)
INFO    |140805 21:05:24|AEDumpNativeMysql :: Adding vqliz_content_frontpage (internal name #__content_frontpage)
INFO    |140805 21:05:24|AEDumpNativeMysql :: Adding vqliz_content_rating (internal name #__content_rating)
INFO    |140805 21:05:24|AEDumpNativeMysql :: Adding vqliz_content_types (internal name #__content_types)
INFO    |140805 21:05:24|AEDumpNativeMysql :: Adding vqliz_contentitem_tag_map (internal name #__contentitem_tag_map)
INFO    |140805 21:05:24|AEDumpNativeMysql :: Adding vqliz_core_log_searches (internal name #__core_log_searches)
INFO    |140805 21:05:24|AEDumpNativeMysql :: Adding vqliz_extensions (internal name #__extensions)
INFO    |140805 21:05:24|AEDumpNativeMysql :: Adding vqliz_finder_filters (internal name #__finder_filters)
INFO    |140805 21:05:24|AEDumpNativeMysql :: Adding vqliz_finder_links (internal name #__finder_links)
INFO    |140805 21:05:24|AEDumpNativeMysql :: Adding vqliz_finder_links_terms0 (internal name #__finder_links_terms0)
INFO    |140805 21:05:24|AEDumpNativeMysql :: Adding vqliz_finder_links_terms1 (internal name #__finder_links_terms1)
INFO    |140805 21:05:24|AEDumpNativeMysql :: Adding vqliz_finder_links_terms2 (internal name #__finder_links_terms2)
INFO    |140805 21:05:24|AEDumpNativeMysql :: Adding vqliz_finder_links_terms3 (internal name #__finder_links_terms3)
INFO    |140805 21:05:24|AEDumpNativeMysql :: Adding vqliz_finder_links_terms4 (internal name #__finder_links_terms4)
INFO    |140805 21:05:24|AEDumpNativeMysql :: Adding vqliz_finder_links_terms5 (internal name #__finder_links_terms5)
INFO    |140805 21:05:24|AEDumpNativeMysql :: Adding vqliz_finder_links_terms6 (internal name #__finder_links_terms6)
INFO    |140805 21:05:24|AEDumpNativeMysql :: Adding vqliz_finder_links_terms7 (internal name #__finder_links_terms7)
INFO    |140805 21:05:24|AEDumpNativeMysql :: Adding vqliz_finder_links_terms8 (internal name #__finder_links_terms8)
INFO    |140805 21:05:24|AEDumpNativeMysql :: Adding vqliz_finder_links_terms9 (internal name #__finder_links_terms9)
INFO    |140805 21:05:24|AEDumpNativeMysql :: Adding vqliz_finder_links_termsa (internal name #__finder_links_termsa)
INFO    |140805 21:05:24|AEDumpNativeMysql :: Adding vqliz_finder_links_termsb (internal name #__finder_links_termsb)
INFO    |140805 21:05:24|AEDumpNativeMysql :: Adding vqliz_finder_links_termsc (internal name #__finder_links_termsc)
INFO    |140805 21:05:24|AEDumpNativeMysql :: Adding vqliz_finder_links_termsd (internal name #__finder_links_termsd)
INFO    |140805 21:05:24|AEDumpNativeMysql :: Adding vqliz_finder_links_termse (internal name #__finder_links_termse)
INFO    |140805 21:05:24|AEDumpNativeMysql :: Adding vqliz_finder_links_termsf (internal name #__finder_links_termsf)
INFO    |140805 21:05:24|AEDumpNativeMysql :: Adding vqliz_finder_taxonomy (internal name #__finder_taxonomy)
INFO    |140805 21:05:24|AEDumpNativeMysql :: Adding vqliz_finder_taxonomy_map (internal name #__finder_taxonomy_map)
INFO    |140805 21:05:24|AEDumpNativeMysql :: Adding vqliz_finder_terms (internal name #__finder_terms)
INFO    |140805 21:05:24|AEDumpNativeMysql :: Adding vqliz_finder_terms_common (internal name #__finder_terms_common)
INFO    |140805 21:05:24|AEDumpNativeMysql :: Adding vqliz_finder_tokens (internal name #__finder_tokens)
INFO    |140805 21:05:24|AEDumpNativeMysql :: Adding vqliz_finder_tokens_aggregate (internal name #__finder_tokens_aggregate)
INFO    |140805 21:05:24|AEDumpNativeMysql :: Adding vqliz_finder_types (internal name #__finder_types)
INFO    |140805 21:05:24|AEDumpNativeMysql :: Adding vqliz_languages (internal name #__languages)
INFO    |140805 21:05:24|AEDumpNativeMysql :: Adding vqliz_menu (internal name #__menu)
INFO    |140805 21:05:24|AEDumpNativeMysql :: Adding vqliz_menu_types (internal name #__menu_types)
INFO    |140805 21:05:24|AEDumpNativeMysql :: Adding vqliz_messages (internal name #__messages)
INFO    |140805 21:05:24|AEDumpNativeMysql :: Adding vqliz_messages_cfg (internal name #__messages_cfg)
INFO    |140805 21:05:24|AEDumpNativeMysql :: Adding vqliz_modules (internal name #__modules)
INFO    |140805 21:05:24|AEDumpNativeMysql :: Adding vqliz_modules_menu (internal name #__modules_menu)
INFO    |140805 21:05:24|AEDumpNativeMysql :: Adding vqliz_newsfeeds (internal name #__newsfeeds)
INFO    |140805 21:05:24|AEDumpNativeMysql :: Adding vqliz_overrider (internal name #__overrider)
INFO    |140805 21:05:24|AEDumpNativeMysql :: Adding vqliz_postinstall_messages (internal name #__postinstall_messages)
INFO    |140805 21:05:24|AEDumpNativeMysql :: Adding vqliz_redirect_links (internal name #__redirect_links)
INFO    |140805 21:05:24|AEDumpNativeMysql :: Adding vqliz_schemas (internal name #__schemas)
INFO    |140805 21:05:24|AEDumpNativeMysql :: Adding vqliz_session (internal name #__session)
INFO    |140805 21:05:24|AEDumpNativeMysql :: Adding vqliz_tags (internal name #__tags)
INFO    |140805 21:05:24|AEDumpNativeMysql :: Adding vqliz_template_styles (internal name #__template_styles)
INFO    |140805 21:05:24|AEDumpNativeMysql :: Adding vqliz_ucm_base (internal name #__ucm_base)
INFO    |140805 21:05:24|AEDumpNativeMysql :: Adding vqliz_ucm_content (internal name #__ucm_content)
INFO    |140805 21:05:24|AEDumpNativeMysql :: Adding vqliz_ucm_history (internal name #__ucm_history)
INFO    |140805 21:05:24|AEDumpNativeMysql :: Adding vqliz_update_sites (internal name #__update_sites)
INFO    |140805 21:05:24|AEDumpNativeMysql :: Adding vqliz_update_sites_extensions (internal name #__update_sites_extensions)
INFO    |140805 21:05:24|AEDumpNativeMysql :: Adding vqliz_updates (internal name #__updates)
INFO    |140805 21:05:24|AEDumpNativeMysql :: Adding vqliz_user_keys (internal name #__user_keys)
INFO    |140805 21:05:24|AEDumpNativeMysql :: Adding vqliz_user_notes (internal name #__user_notes)
INFO    |140805 21:05:24|AEDumpNativeMysql :: Adding vqliz_user_profiles (internal name #__user_profiles)
INFO    |140805 21:05:24|AEDumpNativeMysql :: Adding vqliz_user_usergroup_map (internal name #__user_usergroup_map)
INFO    |140805 21:05:24|AEDumpNativeMysql :: Adding vqliz_usergroups (internal name #__usergroups)
INFO    |140805 21:05:24|AEDumpNativeMysql :: Adding vqliz_users (internal name #__users)
INFO    |140805 21:05:24|AEDumpNativeMysql :: Adding vqliz_viewlevels (internal name #__viewlevels)
INFO    |140805 21:05:24|AEDumpNativeMysql :: Adding vqliz_weblinks (internal name #__weblinks)
INFO    |140805 21:05:24|AEDumpNativeMysql :: Adding vqliz_wf_profiles (internal name #__wf_profiles)
DEBUG   |140805 21:05:24|AEDumpNativeMysql :: Starting CREATE TABLE and dependency scanning
DEBUG   |140805 21:05:24|AEDumpNativeMysql :: Got database connection
DEBUG   |140805 21:05:24|AEDumpNativeMysql :: Got SHOW TABLES
DEBUG   |140805 21:05:24|AEDumpNativeMysql :: Got table list
DEBUG   |140805 21:05:24|AEDumpNativeMysql :: Processed dependencies
DEBUG   |140805 21:05:24|AEAbstractDump :: Getting temporary file
DEBUG   |140805 21:05:24|AEAbstractDump :: Temporary file is <root>/administrator/components/com_akeeba/backup/1e042dc8.sql
DEBUG   |140805 21:05:24|AkeebaDomainDBBackup :: SQL temp file is <root>/administrator/components/com_akeeba/backup/1e042dc8.sql
DEBUG   |140805 21:05:24|AkeebaDomainDBBackup :: SQL file location in archive is <root>/administrator/components/com_akeeba/backup/site-localhost-20140805-190521.sql
DEBUG   |140805 21:05:24|AkeebaDomainDBBackup :: Deleting leftover files, if any
DEBUG   |140805 21:05:24|AEAbstractDump :: Initializing algorithm for first run
DEBUG   |140805 21:05:24|----- Finished operation 2 ------
DEBUG   |140805 21:05:24|Rows on #__ak_profiles : 1
DEBUG   |140805 21:05:24|Writing data dump preamble for #__ak_profiles
INFO    |140805 21:05:24|Beginning dump of #__ak_profiles
DEBUG   |140805 21:05:24|Done dumping #__ak_profiles
DEBUG   |140805 21:05:24|Writing data dump epilogue for #__ak_profiles
DEBUG   |140805 21:05:24|----- Finished operation 3 ------
DEBUG   |140805 21:05:24|Rows on #__ak_stats : 1
DEBUG   |140805 21:05:24|Writing data dump preamble for #__ak_stats
INFO    |140805 21:05:24|Beginning dump of #__ak_stats
DEBUG   |140805 21:05:24|Done dumping #__ak_stats
DEBUG   |140805 21:05:24|Writing data dump epilogue for #__ak_stats
DEBUG   |140805 21:05:24|----- Finished operation 4 ------
DEBUG   |140805 21:05:24|Rows on #__ak_storage : 0
DEBUG   |140805 21:05:24|Writing data dump preamble for #__ak_storage
DEBUG   |140805 21:05:24|Done dumping #__ak_storage
DEBUG   |140805 21:05:24|Writing data dump epilogue for #__ak_storage
DEBUG   |140805 21:05:24|----- Finished operation 5 ------
DEBUG   |140805 21:05:24|Rows on #__assets : 55
DEBUG   |140805 21:05:24|Writing data dump preamble for #__assets
INFO    |140805 21:05:24|Beginning dump of #__assets
DEBUG   |140805 21:05:24|Done dumping #__assets
DEBUG   |140805 21:05:24|Writing data dump epilogue for #__assets
DEBUG   |140805 21:05:24|----- Finished operation 6 ------
DEBUG   |140805 21:05:24|Rows on #__associations : 0
DEBUG   |140805 21:05:24|Writing data dump preamble for #__associations
DEBUG   |140805 21:05:24|Done dumping #__associations
DEBUG   |140805 21:05:24|Writing data dump epilogue for #__associations
DEBUG   |140805 21:05:24|----- Finished operation 7 ------
DEBUG   |140805 21:05:24|Rows on #__banner_clients : 0
DEBUG   |140805 21:05:24|Writing data dump preamble for #__banner_clients
DEBUG   |140805 21:05:24|Done dumping #__banner_clients
DEBUG   |140805 21:05:24|Writing data dump epilogue for #__banner_clients
DEBUG   |140805 21:05:24|----- Finished operation 8 ------
DEBUG   |140805 21:05:24|Rows on #__banner_tracks : 0
DEBUG   |140805 21:05:24|Writing data dump preamble for #__banner_tracks
DEBUG   |140805 21:05:24|Done dumping #__banner_tracks
DEBUG   |140805 21:05:24|Writing data dump epilogue for #__banner_tracks
DEBUG   |140805 21:05:24|----- Finished operation 9 ------
DEBUG   |140805 21:05:24|Rows on #__banners : 0
DEBUG   |140805 21:05:24|Writing data dump preamble for #__banners
DEBUG   |140805 21:05:24|Done dumping #__banners
DEBUG   |140805 21:05:24|Writing data dump epilogue for #__banners
DEBUG   |140805 21:05:24|----- Finished operation 10 ------
DEBUG   |140805 21:05:24|Rows on #__categories : 7
DEBUG   |140805 21:05:24|Writing data dump preamble for #__categories
INFO    |140805 21:05:24|Beginning dump of #__categories
DEBUG   |140805 21:05:24|Done dumping #__categories
DEBUG   |140805 21:05:24|Writing data dump epilogue for #__categories
DEBUG   |140805 21:05:24|----- Finished operation 11 ------
DEBUG   |140805 21:05:24|Rows on #__contact_details : 0
DEBUG   |140805 21:05:24|Writing data dump preamble for #__contact_details
DEBUG   |140805 21:05:24|Done dumping #__contact_details
DEBUG   |140805 21:05:24|Writing data dump epilogue for #__contact_details
DEBUG   |140805 21:05:24|----- Finished operation 12 ------
DEBUG   |140805 21:05:24|Rows on #__content : 0
DEBUG   |140805 21:05:24|Writing data dump preamble for #__content
DEBUG   |140805 21:05:24|Done dumping #__content
DEBUG   |140805 21:05:24|Writing data dump epilogue for #__content
DEBUG   |140805 21:05:24|----- Finished operation 13 ------
DEBUG   |140805 21:05:24|Rows on #__content_frontpage : 0
DEBUG   |140805 21:05:24|Writing data dump preamble for #__content_frontpage
DEBUG   |140805 21:05:24|Done dumping #__content_frontpage
DEBUG   |140805 21:05:24|Writing data dump epilogue for #__content_frontpage
DEBUG   |140805 21:05:24|----- Finished operation 14 ------
DEBUG   |140805 21:05:24|Rows on #__content_rating : 0
DEBUG   |140805 21:05:24|Writing data dump preamble for #__content_rating
DEBUG   |140805 21:05:24|Done dumping #__content_rating
DEBUG   |140805 21:05:24|Writing data dump epilogue for #__content_rating
DEBUG   |140805 21:05:24|----- Finished operation 15 ------
DEBUG   |140805 21:05:24|Rows on #__content_types : 15
DEBUG   |140805 21:05:24|Writing data dump preamble for #__content_types
INFO    |140805 21:05:24|Beginning dump of #__content_types
DEBUG   |140805 21:05:24|Done dumping #__content_types
DEBUG   |140805 21:05:24|Writing data dump epilogue for #__content_types
DEBUG   |140805 21:05:24|----- Finished operation 16 ------
DEBUG   |140805 21:05:24|Rows on #__contentitem_tag_map : 0
DEBUG   |140805 21:05:24|Writing data dump preamble for #__contentitem_tag_map
DEBUG   |140805 21:05:24|Done dumping #__contentitem_tag_map
DEBUG   |140805 21:05:24|Writing data dump epilogue for #__contentitem_tag_map
DEBUG   |140805 21:05:24|----- Finished operation 17 ------
DEBUG   |140805 21:05:24|Rows on #__core_log_searches : 0
DEBUG   |140805 21:05:24|Writing data dump preamble for #__core_log_searches
DEBUG   |140805 21:05:24|Done dumping #__core_log_searches
DEBUG   |140805 21:05:24|Writing data dump epilogue for #__core_log_searches
DEBUG   |140805 21:05:24|----- Finished operation 18 ------
DEBUG   |140805 21:05:24|Rows on #__extensions : 153
DEBUG   |140805 21:05:24|Writing data dump preamble for #__extensions
INFO    |140805 21:05:24|Beginning dump of #__extensions
DEBUG   |140805 21:05:24|Writing 150357 bytes to the dump file
DEBUG   |140805 21:05:24|Done dumping #__extensions
DEBUG   |140805 21:05:24|Writing data dump epilogue for #__extensions
DEBUG   |140805 21:05:24|----- Finished operation 19 ------
DEBUG   |140805 21:05:24|Rows on #__finder_filters : 0
DEBUG   |140805 21:05:24|Writing data dump preamble for #__finder_filters
DEBUG   |140805 21:05:24|Done dumping #__finder_filters
DEBUG   |140805 21:05:24|Writing data dump epilogue for #__finder_filters
DEBUG   |140805 21:05:24|----- Finished operation 20 ------
INFO    |140805 21:05:24|Skipping dumping data of #__finder_links
DEBUG   |140805 21:05:24|Done dumping #__finder_links
DEBUG   |140805 21:05:24|----- Finished operation 21 ------
INFO    |140805 21:05:24|Skipping dumping data of #__finder_links_terms0
DEBUG   |140805 21:05:24|Done dumping #__finder_links_terms0
DEBUG   |140805 21:05:24|----- Finished operation 22 ------
INFO    |140805 21:05:24|Skipping dumping data of #__finder_links_terms1
DEBUG   |140805 21:05:24|Done dumping #__finder_links_terms1
DEBUG   |140805 21:05:24|----- Finished operation 23 ------
INFO    |140805 21:05:24|Skipping dumping data of #__finder_links_terms2
DEBUG   |140805 21:05:24|Done dumping #__finder_links_terms2
DEBUG   |140805 21:05:24|----- Finished operation 24 ------
INFO    |140805 21:05:24|Skipping dumping data of #__finder_links_terms3
DEBUG   |140805 21:05:24|Done dumping #__finder_links_terms3
DEBUG   |140805 21:05:24|----- Finished operation 25 ------
INFO    |140805 21:05:24|Skipping dumping data of #__finder_links_terms4
DEBUG   |140805 21:05:24|Done dumping #__finder_links_terms4
DEBUG   |140805 21:05:24|----- Finished operation 26 ------
INFO    |140805 21:05:24|Skipping dumping data of #__finder_links_terms5
DEBUG   |140805 21:05:24|Done dumping #__finder_links_terms5
DEBUG   |140805 21:05:24|----- Finished operation 27 ------
INFO    |140805 21:05:24|Skipping dumping data of #__finder_links_terms6
DEBUG   |140805 21:05:24|Done dumping #__finder_links_terms6
DEBUG   |140805 21:05:24|----- Finished operation 28 ------
INFO    |140805 21:05:24|Skipping dumping data of #__finder_links_terms7
DEBUG   |140805 21:05:24|Done dumping #__finder_links_terms7
DEBUG   |140805 21:05:24|----- Finished operation 29 ------
INFO    |140805 21:05:24|Skipping dumping data of #__finder_links_terms8
DEBUG   |140805 21:05:24|Done dumping #__finder_links_terms8
DEBUG   |140805 21:05:24|----- Finished operation 30 ------
INFO    |140805 21:05:24|Skipping dumping data of #__finder_links_terms9
DEBUG   |140805 21:05:24|Done dumping #__finder_links_terms9
DEBUG   |140805 21:05:24|----- Finished operation 31 ------
INFO    |140805 21:05:24|Skipping dumping data of #__finder_links_termsa
DEBUG   |140805 21:05:24|Done dumping #__finder_links_termsa
DEBUG   |140805 21:05:24|----- Finished operation 32 ------
INFO    |140805 21:05:24|Skipping dumping data of #__finder_links_termsb
DEBUG   |140805 21:05:24|Done dumping #__finder_links_termsb
DEBUG   |140805 21:05:24|----- Finished operation 33 ------
INFO    |140805 21:05:24|Skipping dumping data of #__finder_links_termsc
DEBUG   |140805 21:05:24|Done dumping #__finder_links_termsc
DEBUG   |140805 21:05:24|----- Finished operation 34 ------
INFO    |140805 21:05:24|Skipping dumping data of #__finder_links_termsd
DEBUG   |140805 21:05:24|Done dumping #__finder_links_termsd
DEBUG   |140805 21:05:24|----- Finished operation 35 ------
INFO    |140805 21:05:24|Skipping dumping data of #__finder_links_termse
DEBUG   |140805 21:05:24|Done dumping #__finder_links_termse
DEBUG   |140805 21:05:24|----- Finished operation 36 ------
INFO    |140805 21:05:24|Skipping dumping data of #__finder_links_termsf
DEBUG   |140805 21:05:24|Done dumping #__finder_links_termsf
DEBUG   |140805 21:05:24|----- Finished operation 37 ------
INFO    |140805 21:05:24|Skipping dumping data of #__finder_taxonomy
DEBUG   |140805 21:05:24|Done dumping #__finder_taxonomy
DEBUG   |140805 21:05:24|----- Finished operation 38 ------
INFO    |140805 21:05:24|Skipping dumping data of #__finder_taxonomy_map
DEBUG   |140805 21:05:24|Done dumping #__finder_taxonomy_map
DEBUG   |140805 21:05:24|----- Finished operation 39 ------
INFO    |140805 21:05:24|Skipping dumping data of #__finder_terms
DEBUG   |140805 21:05:24|Done dumping #__finder_terms
DEBUG   |140805 21:05:24|----- Finished operation 40 ------
DEBUG   |140805 21:05:24|Rows on #__finder_terms_common : 215
DEBUG   |140805 21:05:24|Writing data dump preamble for #__finder_terms_common
INFO    |140805 21:05:24|Beginning dump of #__finder_terms_common
DEBUG   |140805 21:05:24|Done dumping #__finder_terms_common
DEBUG   |140805 21:05:24|Writing data dump epilogue for #__finder_terms_common
DEBUG   |140805 21:05:24|----- Finished operation 41 ------
INFO    |140805 21:05:24|Skipping dumping data of #__finder_tokens
DEBUG   |140805 21:05:24|Done dumping #__finder_tokens
DEBUG   |140805 21:05:24|----- Finished operation 42 ------
INFO    |140805 21:05:24|Skipping dumping data of #__finder_tokens_aggregate
DEBUG   |140805 21:05:24|Done dumping #__finder_tokens_aggregate
DEBUG   |140805 21:05:24|----- Finished operation 43 ------
DEBUG   |140805 21:05:24|Rows on #__finder_types : 0
DEBUG   |140805 21:05:24|Writing data dump preamble for #__finder_types
DEBUG   |140805 21:05:24|Done dumping #__finder_types
DEBUG   |140805 21:05:24|Writing data dump epilogue for #__finder_types
DEBUG   |140805 21:05:24|----- Finished operation 44 ------
DEBUG   |140805 21:05:24|Rows on #__languages : 2
DEBUG   |140805 21:05:24|Writing data dump preamble for #__languages
INFO    |140805 21:05:24|Beginning dump of #__languages
DEBUG   |140805 21:05:24|Done dumping #__languages
DEBUG   |140805 21:05:24|Writing data dump epilogue for #__languages
DEBUG   |140805 21:05:24|----- Finished operation 45 ------
DEBUG   |140805 21:05:24|Rows on #__menu : 31
DEBUG   |140805 21:05:24|Writing data dump preamble for #__menu
INFO    |140805 21:05:24|Beginning dump of #__menu
DEBUG   |140805 21:05:24|Done dumping #__menu
DEBUG   |140805 21:05:24|Writing data dump epilogue for #__menu
DEBUG   |140805 21:05:24|----- Finished operation 46 ------
DEBUG   |140805 21:05:24|Rows on #__menu_types : 1
DEBUG   |140805 21:05:24|Writing data dump preamble for #__menu_types
INFO    |140805 21:05:24|Beginning dump of #__menu_types
DEBUG   |140805 21:05:24|Done dumping #__menu_types
DEBUG   |140805 21:05:24|Writing data dump epilogue for #__menu_types
DEBUG   |140805 21:05:24|----- Finished operation 47 ------
DEBUG   |140805 21:05:24|Rows on #__messages : 0
DEBUG   |140805 21:05:24|Writing data dump preamble for #__messages
DEBUG   |140805 21:05:24|Done dumping #__messages
DEBUG   |140805 21:05:24|Writing data dump epilogue for #__messages
DEBUG   |140805 21:05:24|----- Finished operation 48 ------
DEBUG   |140805 21:05:24|Rows on #__messages_cfg : 0
DEBUG   |140805 21:05:24|Writing data dump preamble for #__messages_cfg
DEBUG   |140805 21:05:24|Done dumping #__messages_cfg
DEBUG   |140805 21:05:24|Writing data dump epilogue for #__messages_cfg
DEBUG   |140805 21:05:24|----- Finished operation 49 ------
DEBUG   |140805 21:05:24|Rows on #__modules : 15
DEBUG   |140805 21:05:24|Writing data dump preamble for #__modules
INFO    |140805 21:05:24|Beginning dump of #__modules
DEBUG   |140805 21:05:24|Done dumping #__modules
DEBUG   |140805 21:05:24|Writing data dump epilogue for #__modules
DEBUG   |140805 21:05:24|----- Finished operation 50 ------
DEBUG   |140805 21:05:24|Rows on #__modules_menu : 17
DEBUG   |140805 21:05:24|Writing data dump preamble for #__modules_menu
INFO    |140805 21:05:24|Beginning dump of #__modules_menu
DEBUG   |140805 21:05:24|Done dumping #__modules_menu
DEBUG   |140805 21:05:24|Writing data dump epilogue for #__modules_menu
DEBUG   |140805 21:05:24|----- Finished operation 51 ------
DEBUG   |140805 21:05:24|Rows on #__newsfeeds : 0
DEBUG   |140805 21:05:24|Writing data dump preamble for #__newsfeeds
DEBUG   |140805 21:05:24|Done dumping #__newsfeeds
DEBUG   |140805 21:05:24|Writing data dump epilogue for #__newsfeeds
DEBUG   |140805 21:05:24|----- Finished operation 52 ------
DEBUG   |140805 21:05:24|Rows on #__overrider : 0
DEBUG   |140805 21:05:24|Writing data dump preamble for #__overrider
DEBUG   |140805 21:05:24|Done dumping #__overrider
DEBUG   |140805 21:05:24|Writing data dump epilogue for #__overrider
DEBUG   |140805 21:05:24|----- Finished operation 53 ------
DEBUG   |140805 21:05:24|Rows on #__postinstall_messages : 4
DEBUG   |140805 21:05:24|Writing data dump preamble for #__postinstall_messages
INFO    |140805 21:05:24|Beginning dump of #__postinstall_messages
DEBUG   |140805 21:05:24|Done dumping #__postinstall_messages
DEBUG   |140805 21:05:24|Writing data dump epilogue for #__postinstall_messages
DEBUG   |140805 21:05:24|----- Finished operation 54 ------
DEBUG   |140805 21:05:24|Rows on #__redirect_links : 0
DEBUG   |140805 21:05:24|Writing data dump preamble for #__redirect_links
DEBUG   |140805 21:05:24|Done dumping #__redirect_links
DEBUG   |140805 21:05:24|Writing data dump epilogue for #__redirect_links
DEBUG   |140805 21:05:24|----- Finished operation 55 ------
DEBUG   |140805 21:05:24|Rows on #__schemas : 1
DEBUG   |140805 21:05:24|Writing data dump preamble for #__schemas
INFO    |140805 21:05:24|Beginning dump of #__schemas
DEBUG   |140805 21:05:24|Done dumping #__schemas
DEBUG   |140805 21:05:24|Writing data dump epilogue for #__schemas
DEBUG   |140805 21:05:24|----- Finished operation 56 ------
INFO    |140805 21:05:24|Skipping dumping data of #__session
DEBUG   |140805 21:05:24|Done dumping #__session
DEBUG   |140805 21:05:24|----- Finished operation 57 ------
DEBUG   |140805 21:05:24|Rows on #__tags : 1
DEBUG   |140805 21:05:24|Writing data dump preamble for #__tags
INFO    |140805 21:05:24|Beginning dump of #__tags
DEBUG   |140805 21:05:24|Done dumping #__tags
DEBUG   |140805 21:05:24|Writing data dump epilogue for #__tags
DEBUG   |140805 21:05:24|----- Finished operation 58 ------
DEBUG   |140805 21:05:24|Rows on #__template_styles : 5
DEBUG   |140805 21:05:24|Writing data dump preamble for #__template_styles
INFO    |140805 21:05:24|Beginning dump of #__template_styles
DEBUG   |140805 21:05:24|Done dumping #__template_styles
DEBUG   |140805 21:05:24|Writing data dump epilogue for #__template_styles
DEBUG   |140805 21:05:24|----- Finished operation 59 ------
DEBUG   |140805 21:05:24|Rows on #__ucm_base : 0
DEBUG   |140805 21:05:24|Writing data dump preamble for #__ucm_base
DEBUG   |140805 21:05:24|Done dumping #__ucm_base
DEBUG   |140805 21:05:24|Writing data dump epilogue for #__ucm_base
DEBUG   |140805 21:05:24|----- Finished operation 60 ------
DEBUG   |140805 21:05:24|Rows on #__ucm_content : 0
DEBUG   |140805 21:05:24|Writing data dump preamble for #__ucm_content
DEBUG   |140805 21:05:24|Done dumping #__ucm_content
DEBUG   |140805 21:05:24|Writing data dump epilogue for #__ucm_content
DEBUG   |140805 21:05:24|----- Finished operation 61 ------
DEBUG   |140805 21:05:24|Rows on #__ucm_history : 0
DEBUG   |140805 21:05:24|Writing data dump preamble for #__ucm_history
DEBUG   |140805 21:05:24|Done dumping #__ucm_history
DEBUG   |140805 21:05:24|Writing data dump epilogue for #__ucm_history
DEBUG   |140805 21:05:24|----- Finished operation 62 ------
DEBUG   |140805 21:05:24|Rows on #__update_sites : 6
DEBUG   |140805 21:05:24|Writing data dump preamble for #__update_sites
INFO    |140805 21:05:24|Beginning dump of #__update_sites
DEBUG   |140805 21:05:24|Done dumping #__update_sites
DEBUG   |140805 21:05:24|Writing data dump epilogue for #__update_sites
DEBUG   |140805 21:05:24|----- Finished operation 63 ------
DEBUG   |140805 21:05:24|Rows on #__update_sites_extensions : 7
DEBUG   |140805 21:05:24|Writing data dump preamble for #__update_sites_extensions
INFO    |140805 21:05:24|Beginning dump of #__update_sites_extensions
DEBUG   |140805 21:05:24|Done dumping #__update_sites_extensions
DEBUG   |140805 21:05:24|Writing data dump epilogue for #__update_sites_extensions
DEBUG   |140805 21:05:24|----- Finished operation 64 ------
DEBUG   |140805 21:05:24|Rows on #__updates : 57
DEBUG   |140805 21:05:24|Writing data dump preamble for #__updates
INFO    |140805 21:05:24|Beginning dump of #__updates
DEBUG   |140805 21:05:24|Done dumping #__updates
DEBUG   |140805 21:05:24|Writing data dump epilogue for #__updates
DEBUG   |140805 21:05:24|----- Finished operation 65 ------
DEBUG   |140805 21:05:24|Rows on #__user_keys : 0
DEBUG   |140805 21:05:24|Writing data dump preamble for #__user_keys
DEBUG   |140805 21:05:24|Done dumping #__user_keys
DEBUG   |140805 21:05:24|Writing data dump epilogue for #__user_keys
DEBUG   |140805 21:05:24|----- Finished operation 66 ------
DEBUG   |140805 21:05:24|Rows on #__user_notes : 0
DEBUG   |140805 21:05:24|Writing data dump preamble for #__user_notes
DEBUG   |140805 21:05:24|Done dumping #__user_notes
DEBUG   |140805 21:05:24|Writing data dump epilogue for #__user_notes
DEBUG   |140805 21:05:24|----- Finished operation 67 ------
DEBUG   |140805 21:05:24|Rows on #__user_profiles : 0
DEBUG   |140805 21:05:24|Writing data dump preamble for #__user_profiles
DEBUG   |140805 21:05:24|Done dumping #__user_profiles
DEBUG   |140805 21:05:24|Writing data dump epilogue for #__user_profiles
DEBUG   |140805 21:05:24|----- Finished operation 68 ------
DEBUG   |140805 21:05:24|Rows on #__user_usergroup_map : 1
DEBUG   |140805 21:05:24|Writing data dump preamble for #__user_usergroup_map
INFO    |140805 21:05:24|Beginning dump of #__user_usergroup_map
DEBUG   |140805 21:05:24|Done dumping #__user_usergroup_map
DEBUG   |140805 21:05:24|Writing data dump epilogue for #__user_usergroup_map
DEBUG   |140805 21:05:24|----- Finished operation 69 ------
DEBUG   |140805 21:05:24|Rows on #__usergroups : 9
DEBUG   |140805 21:05:24|Writing data dump preamble for #__usergroups
INFO    |140805 21:05:24|Beginning dump of #__usergroups
DEBUG   |140805 21:05:24|Done dumping #__usergroups
DEBUG   |140805 21:05:24|Writing data dump epilogue for #__usergroups
DEBUG   |140805 21:05:24|----- Finished operation 70 ------
DEBUG   |140805 21:05:24|Rows on #__users : 1
DEBUG   |140805 21:05:24|Writing data dump preamble for #__users
INFO    |140805 21:05:24|Beginning dump of #__users
DEBUG   |140805 21:05:24|Done dumping #__users
DEBUG   |140805 21:05:24|Writing data dump epilogue for #__users
DEBUG   |140805 21:05:24|----- Finished operation 71 ------
DEBUG   |140805 21:05:24|Rows on #__viewlevels : 5
DEBUG   |140805 21:05:24|Writing data dump preamble for #__viewlevels
INFO    |140805 21:05:24|Beginning dump of #__viewlevels
DEBUG   |140805 21:05:24|Done dumping #__viewlevels
DEBUG   |140805 21:05:24|Writing data dump epilogue for #__viewlevels
DEBUG   |140805 21:05:24|----- Finished operation 72 ------
DEBUG   |140805 21:05:24|Rows on #__weblinks : 0
DEBUG   |140805 21:05:24|Writing data dump preamble for #__weblinks
DEBUG   |140805 21:05:24|Done dumping #__weblinks
DEBUG   |140805 21:05:24|Writing data dump epilogue for #__weblinks
DEBUG   |140805 21:05:24|----- Finished operation 73 ------
DEBUG   |140805 21:05:24|Rows on #__wf_profiles : 4
DEBUG   |140805 21:05:24|Writing data dump preamble for #__wf_profiles
INFO    |140805 21:05:24|Beginning dump of #__wf_profiles
DEBUG   |140805 21:05:24|Done dumping #__wf_profiles
DEBUG   |140805 21:05:24|Writing data dump epilogue for #__wf_profiles
INFO    |140805 21:05:24|End of database detected; flushing the dump buffers...
DEBUG   |140805 21:05:24|Writing 70763 bytes to the dump file
INFO    |140805 21:05:24|Database has been successfully dumped to SQL file(s)
DEBUG   |140805 21:05:24|----- Finished operation 74 ------
DEBUG   |140805 21:05:24|Adding any extra SQL statements imposed by the filters
DEBUG   |140805 21:05:24|Closing SQL dump file.
DEBUG   |140805 21:05:24|Moving the SQL dump to its final location
DEBUG   |140805 21:05:24|Removing temporary file of final SQL dump
DEBUG   |140805 21:05:24|-- Removing temporary file 1e042dc8.sql
DEBUG   |140805 21:05:24|AECoreDomainDb :: No more databases left to iterate
DEBUG   |140805 21:05:24|----- Finished operation 75 ------
DEBUG   |140805 21:05:24|AECoreDomainDb :: Skipping databases.ini
DEBUG   |140805 21:05:24|----- Finished operation 76 ------
DEBUG   |140805 21:05:24|Successful Smart algorithm on AECoreDomainDb
DEBUG   |140805 21:05:24|Kettenrad :: Domain 'PackDB' has finished.
DEBUG   |140805 21:05:24|====== Finished Step number 1 ======
DEBUG   |140805 21:05:24|*** Engine steps batching: Break flag detected.
DEBUG   |140805 21:05:24|*** Batching of engine steps finished. I will now return control to the caller.
DEBUG   |140805 21:05:24|Sleeping for 1530.04002571 msec, using usleep()
DEBUG   |140805 21:05:26|Saving Kettenrad instance backend
DEBUG   |140805 21:05:26|Closing SQL dump file.
DEBUG   |140805 21:05:26| -- Loaded stored Akeeba Factory (backend)
DEBUG   |140805 21:05:26|====== Starting Step number 2 ======
DEBUG   |140805 21:05:26|Kettenrad :: BREAKING STEP BEFORE SWITCHING DOMAIN
DEBUG   |140805 21:05:26|Finalization action queue: remove_temp_files, update_statistics, update_filesizes, run_post_processing, kickstart_post_processing, apply_quotas, apply_remote_quotas, mail_administrators, update_statistics
DEBUG   |140805 21:05:26|----- Finished operation 1 ------
DEBUG   |140805 21:05:26|AECoreDomainFinalization::_run() Running built-in method remove_temp_files
DEBUG   |140805 21:05:26|Removing temporary files
DEBUG   |140805 21:05:26|AECoreDomainFinalization::_run() Running built-in method update_statistics
DEBUG   |140805 21:05:26|Updating statistics
DEBUG   |140805 21:05:26|Removing any old records with site-localhost-20140805-190521.sql filename
DEBUG   |140805 21:05:26|1 records found
DEBUG   |140805 21:05:26|AECoreDomainFinalization::_run() Running built-in method update_filesizes
DEBUG   |140805 21:05:26|Updating statistics with file sizes
DEBUG   |140805 21:05:26|Total size of backup archive (in bytes): 221120
DEBUG   |140805 21:05:26|AECoreDomainFinalization::_run() Running built-in method run_post_processing
DEBUG   |140805 21:05:26|Loading post-processing engine object (dropbox)
INFO    |140805 21:05:26|Initializing post-processing engine
DEBUG   |140805 21:05:26|1 files to process found
DEBUG   |140805 21:05:26|Breaking step before post-processing run
DEBUG   |140805 21:05:26|----- Finished operation 2 ------
DEBUG   |140805 21:05:26|Successful Smart algorithm on AECoreDomainFinalization
DEBUG   |140805 21:05:26|Kettenrad :: More work required in domain 'finale'
DEBUG   |140805 21:05:26|====== Finished Step number 2 ======
DEBUG   |140805 21:05:26|*** Engine steps batching: Break flag detected.
DEBUG   |140805 21:05:26|*** Batching of engine steps finished. I will now return control to the caller.
DEBUG   |140805 21:05:26|Sleeping for 1953.23204994 msec, using usleep()
DEBUG   |140805 21:05:28|Saving Kettenrad instance backend
DEBUG   |140805 21:05:28|Closing SQL dump file.
DEBUG   |140805 21:05:29| -- Loaded stored Akeeba Factory (backend)
DEBUG   |140805 21:05:29|====== Starting Step number 3 ======
DEBUG   |140805 21:05:29|AECoreDomainFinalization::_run() Running built-in method run_post_processing
DEBUG   |140805 21:05:29|Loading post-processing engine object (dropbox)
INFO    |140805 21:05:29|Beginning post processing file <root>/administrator/components/com_akeeba/backup/site-localhost-20140805-190521.sql
INFO    |140805 21:05:32|Finished post-processing file <root>/administrator/components/com_akeeba/backup/site-localhost-20140805-190521.sql
DEBUG   |140805 21:05:32|Deleting already processed file <root>/administrator/components/com_akeeba/backup/site-localhost-20140805-190521.sql
INFO    |140805 21:05:32|Post-processing has finished for all files
DEBUG   |140805 21:05:32|----- Finished operation 1 ------
DEBUG   |140805 21:05:32|Successful Smart algorithm on AECoreDomainFinalization
DEBUG   |140805 21:05:32|Kettenrad :: More work required in domain 'finale'
DEBUG   |140805 21:05:32|====== Finished Step number 3 ======
DEBUG   |140805 21:05:32|*** Engine steps batching: Break flag detected.
DEBUG   |140805 21:05:32|*** Batching of engine steps finished. I will now return control to the caller.
DEBUG   |140805 21:05:32|No need to sleep; execution time: 2710.45517921 msec; min. exec. time: 2000 msec
DEBUG   |140805 21:05:32|Saving Kettenrad instance backend
DEBUG   |140805 21:05:32|Closing SQL dump file.
DEBUG   |140805 21:05:32| -- Loaded stored Akeeba Factory (backend)
DEBUG   |140805 21:05:32|====== Starting Step number 4 ======
DEBUG   |140805 21:05:32|AECoreDomainFinalization::_run() Running built-in method kickstart_post_processing
INFO    |140805 21:05:32|Getting ready to upload Kickstart
DEBUG   |140805 21:05:32|AECoreDomainFinalization::_run() Running built-in method apply_quotas
DEBUG   |140805 21:05:32|There were no old backup files to apply quotas on
DEBUG   |140805 21:05:32|AECoreDomainFinalization::_run() Running built-in method apply_remote_quotas
DEBUG   |140805 21:05:32|AECoreDomainFinalization::_run() Running built-in method mail_administrators
DEBUG   |140805 21:05:32|AECoreDomainFinalization::_run() Running built-in method update_statistics
DEBUG   |140805 21:05:32|Updating statistics
DEBUG   |140805 21:05:32|Removing any old records with site-localhost-20140805-190521.sql filename
DEBUG   |140805 21:05:32|1 records found
DEBUG   |140805 21:05:32|----- Finished operation 1 ------
DEBUG   |140805 21:05:32|----- Finished operation 2 ------
DEBUG   |140805 21:05:32|Successful Smart algorithm on AECoreDomainFinalization
DEBUG   |140805 21:05:32|Kettenrad :: Domain 'finale' has finished.
DEBUG   |140805 21:05:32|====== Finished Step number 4 ======
DEBUG   |140805 21:05:32|*** Engine steps batching: Break flag detected.
DEBUG   |140805 21:05:32|*** Batching of engine steps finished. I will now return control to the caller.
DEBUG   |140805 21:05:32|Sleeping for 1930.13620377 msec, using usleep()
DEBUG   |140805 21:05:34|Saving Kettenrad instance backend
DEBUG   |140805 21:05:34|Closing SQL dump file.
DEBUG   |140805 21:05:35| -- Loaded stored Akeeba Factory (backend)
DEBUG   |140805 21:05:35|====== Starting Step number 5 ======
DEBUG   |140805 21:05:35|Kettenrad :: BREAKING STEP BEFORE SWITCHING DOMAIN
DEBUG   |140805 21:05:35|Kettenrad :: No more domains to process
DEBUG   |140805 21:05:35|*** Engine steps batching: Break flag detected.
DEBUG   |140805 21:05:35|*** Batching of engine steps finished. I will now return control to the caller.
DEBUG   |140805 21:05:35|Sleeping for 1949.77402687 msec, using usleep()
DEBUG   |140805 21:05:37|Saving Kettenrad instance backend
DEBUG   |140805 21:05:37|Closing SQL dump file.
DEBUG   |140805 21:05:37| -- Loaded stored Akeeba Factory (backend)
DEBUG   |140805 21:05:37|Kettenrad :: Just finished
DEBUG   |140805 21:05:37|*** Batching of engine steps finished. I will now return control to the caller.
DEBUG   |140805 21:05:37|Sleeping for 1960.80613136 msec, using usleep()
DEBUG   |140805 21:05:39|Will not save a finished Kettenrad instance
DEBUG   |140805 21:05:39|Closing SQL dump file.
